<?xml version="1.0" encoding="UTF-8"?>
<!-- Generated by org.testng.reporters.JUnitXMLReporter -->
<testsuite ignored="1" hostname="DESKTOP-MCS3M3G" failures="0" tests="2" name="Default test" time="0.055" errors="0" timestamp="08 Apr 2022 09:03:26 GMT">
  <testcase classname="project.NewTest1" name="f" time="0.007"/>
  <testcase classname="project.NewTest1" name="z" time="0.01"/>
  <testcase classname="project.NewTest1" name="a" time="0.0">
    <ignored/>
  </testcase> <!-- a -->
</testsuite> <!-- Default test -->
