<?xml version="1.0" encoding="UTF-8"?>
<!-- Generated by org.testng.reporters.JUnitXMLReporter -->
<testsuite ignored="0" hostname="DESKTOP-MCS3M3G" failures="0" tests="5" name="TestMethod" time="0.054" errors="0" timestamp="11 May 2022 11:15:24 GMT">
  <testcase classname="project.TestMethParallel" name="test2" time="0.011"/>
  <testcase classname="project.TestMethParallel" name="test1" time="0.011"/>
  <testcase classname="project.TestMethParallel" name="test4" time="0.001"/>
  <testcase classname="project.TestMethParallel" name="test5" time="0.002"/>
  <testcase classname="project.TestMethParallel" name="test3" time="0.009"/>
</testsuite> <!-- TestMethod -->
